<?xml version="1.0" encoding="UTF-8"?>
<robot generator="Robot 3.2.1 (Python 3.8.2 on win32)" generated="20200523 14:28:37.443" rpa="false">
<suite id="s1" name="FirstRobot" source="D:\RobotProject\FirstRobot">
<suite id="s1-s1" name="Test" source="D:\RobotProject\FirstRobot\Test.robot">
<test id="s1-s1-t1" name="MyFirstTest">
<kw name="Log" library="BuiltIn">
<doc>Logs the given message with the given level.</doc>
<arguments>
<arg>Hello World...</arg>
</arguments>
<msg timestamp="20200523 14:28:37.645" level="INFO">Hello World...</msg>
<status status="PASS" starttime="20200523 14:28:37.645" endtime="20200523 14:28:37.645"></status>
</kw>
<status status="PASS" starttime="20200523 14:28:37.644" endtime="20200523 14:28:37.645" critical="yes"></status>
</test>
<test id="s1-s1-t2" name="FirstSeleniumTest">
<kw name="Open Browser" library="SeleniumLibrary">
<doc>Opens a new browser instance to the optional ``url``.</doc>
<arguments>
<arg>https://google.com</arg>
<arg>chrome</arg>
</arguments>
<msg timestamp="20200523 14:28:37.647" level="INFO">Opening browser 'chrome' to base url 'https://google.com'.</msg>
<status status="PASS" starttime="20200523 14:28:37.646" endtime="20200523 14:28:41.645"></status>
</kw>
<kw name="Set Browser Implicit Wait" library="SeleniumLibrary">
<doc>Sets the implicit wait value used by Selenium.</doc>
<arguments>
<arg>20</arg>
</arguments>
<status status="PASS" starttime="20200523 14:28:41.646" endtime="20200523 14:28:41.647"></status>
</kw>
<kw name="Input Text" library="SeleniumLibrary">
<doc>Types the given ``text`` into the text field identified by ``locator``.</doc>
<arguments>
<arg>name=q</arg>
<arg>Automation Testing</arg>
</arguments>
<msg timestamp="20200523 14:28:41.647" level="INFO">Typing text 'Automation Testing' into text field 'name=q'.</msg>
<status status="PASS" starttime="20200523 14:28:41.647" endtime="20200523 14:28:41.767"></status>
</kw>
<kw name="Press Keys" library="SeleniumLibrary">
<doc>Simulates the user pressing key(s) to an element or on the active browser.</doc>
<arguments>
<arg>name=q</arg>
<arg>ENTER</arg>
</arguments>
<msg timestamp="20200523 14:28:41.768" level="INFO">Sending key(s) ('ENTER',) to name=q element.</msg>
<msg timestamp="20200523 14:28:42.043" level="INFO">Pressing special key ENTER to element.</msg>
<msg timestamp="20200523 14:28:42.043" level="INFO">Releasing special key ENTER.</msg>
<status status="PASS" starttime="20200523 14:28:41.767" endtime="20200523 14:28:43.592"></status>
</kw>
<kw name="Close Browser" library="SeleniumLibrary">
<doc>Closes the current browser.</doc>
<status status="PASS" starttime="20200523 14:28:43.592" endtime="20200523 14:28:45.726"></status>
</kw>
<kw name="Log" library="BuiltIn">
<doc>Logs the given message with the given level.</doc>
<arguments>
<arg>Test Completed</arg>
</arguments>
<msg timestamp="20200523 14:28:45.727" level="INFO">Test Completed</msg>
<status status="PASS" starttime="20200523 14:28:45.726" endtime="20200523 14:28:45.727"></status>
</kw>
<status status="PASS" starttime="20200523 14:28:37.646" endtime="20200523 14:28:45.727" critical="yes"></status>
</test>
<test id="s1-s1-t3" name="SampleLoginTest">
<kw name="Open Browser" library="SeleniumLibrary">
<doc>Opens a new browser instance to the optional ``url``.</doc>
<arguments>
<arg>https://opensource-demo.orangehrmlive.com/</arg>
<arg>chrome</arg>
</arguments>
<msg timestamp="20200523 14:28:45.729" level="INFO">Opening browser 'chrome' to base url 'https://opensource-demo.orangehrmlive.com/'.</msg>
<status status="PASS" starttime="20200523 14:28:45.729" endtime="20200523 14:28:49.393"></status>
</kw>
<kw name="Set Browser Implicit Wait" library="SeleniumLibrary">
<doc>Sets the implicit wait value used by Selenium.</doc>
<arguments>
<arg>5</arg>
</arguments>
<status status="PASS" starttime="20200523 14:28:49.393" endtime="20200523 14:28:49.395"></status>
</kw>
<kw name="Input Text" library="SeleniumLibrary">
<doc>Types the given ``text`` into the text field identified by ``locator``.</doc>
<arguments>
<arg>id=txtUsername</arg>
<arg>Admin</arg>
</arguments>
<msg timestamp="20200523 14:28:49.395" level="INFO">Typing text 'Admin' into text field 'id=txtUsername'.</msg>
<status status="PASS" starttime="20200523 14:28:49.395" endtime="20200523 14:28:49.484"></status>
</kw>
<kw name="Input Password" library="SeleniumLibrary">
<doc>Types the given password into the text field identified by ``locator``.</doc>
<arguments>
<arg>id=txtPassword</arg>
<arg>admin123</arg>
</arguments>
<msg timestamp="20200523 14:28:49.486" level="INFO">Typing password into text field 'id=txtPassword'.</msg>
<msg timestamp="20200523 14:28:49.521" level="INFO">Temporally setting log level to: NONE</msg>
<msg timestamp="20200523 14:28:49.590" level="INFO">Log level changed from NONE to INFO.</msg>
<status status="PASS" starttime="20200523 14:28:49.486" endtime="20200523 14:28:49.591"></status>
</kw>
<kw name="Click Button" library="SeleniumLibrary">
<doc>Clicks the button identified by ``locator``.</doc>
<arguments>
<arg>id=btnLogin</arg>
</arguments>
<msg timestamp="20200523 14:28:49.591" level="INFO">Clicking button 'id=btnLogin'.</msg>
<status status="PASS" starttime="20200523 14:28:49.591" endtime="20200523 14:28:50.399"></status>
</kw>
<kw name="Sleep" library="BuiltIn">
<doc>Pauses the test executed for the given time.</doc>
<arguments>
<arg>2s</arg>
</arguments>
<msg timestamp="20200523 14:28:52.401" level="INFO">Slept 2 seconds</msg>
<status status="PASS" starttime="20200523 14:28:50.399" endtime="20200523 14:28:52.402"></status>
</kw>
<kw name="Click Element" library="SeleniumLibrary">
<doc>Click the element identified by ``locator``.</doc>
<arguments>
<arg>id=welcome</arg>
</arguments>
<msg timestamp="20200523 14:28:52.404" level="INFO">Clicking element 'id=welcome'.</msg>
<status status="PASS" starttime="20200523 14:28:52.403" endtime="20200523 14:28:52.472"></status>
</kw>
<kw name="Click Element" library="SeleniumLibrary">
<doc>Click the element identified by ``locator``.</doc>
<arguments>
<arg>link=Logout</arg>
</arguments>
<msg timestamp="20200523 14:28:52.472" level="INFO">Clicking element 'link=Logout'.</msg>
<status status="PASS" starttime="20200523 14:28:52.472" endtime="20200523 14:28:52.936"></status>
</kw>
<doc>This is a sample login test</doc>
<status status="PASS" starttime="20200523 14:28:45.728" endtime="20200523 14:28:52.937" critical="yes"></status>
</test>
<status status="PASS" starttime="20200523 14:28:37.498" endtime="20200523 14:28:52.937"></status>
</suite>
<status status="PASS" starttime="20200523 14:28:37.480" endtime="20200523 14:28:52.939"></status>
</suite>
<statistics>
<total>
<stat pass="3" fail="0">Critical Tests</stat>
<stat pass="3" fail="0">All Tests</stat>
</total>
<tag>
</tag>
<suite>
<stat pass="3" fail="0" id="s1" name="FirstRobot">FirstRobot</stat>
<stat pass="3" fail="0" id="s1-s1" name="Test">FirstRobot.Test</stat>
</suite>
</statistics>
<errors>
</errors>
</robot>
